<?xml version="1.0" encoding="UTF-8"?>
<coverage generated="1719277197488" clover="3.2.0">
  <project timestamp="1719277197488" name="All files">
    <metrics statements="28" coveredstatements="28" conditionals="1" coveredconditionals="1" methods="14" coveredmethods="14" elements="43" coveredelements="43" complexity="0" loc="28" ncloc="28" packages="1" files="6" classes="6"/>
    <file name="commandInjectionDetector.ts" path="D:\Konecta\Librerias\Nestjs\nest-shield-konecta-lib\src\detectors\commandInjectionDetector.ts">
      <metrics statements="3" coveredstatements="3" conditionals="0" coveredconditionals="0" methods="2" coveredmethods="2"/>
      <line num="1" count="1" type="stmt"/>
      <line num="24" count="1" type="stmt"/>
      <line num="25" count="8" type="stmt"/>
    </file>
    <file name="detectXXEInjection.ts" path="D:\Konecta\Librerias\Nestjs\nest-shield-konecta-lib\src\detectors\detectXXEInjection.ts">
      <metrics statements="3" coveredstatements="3" conditionals="0" coveredconditionals="0" methods="2" coveredmethods="2"/>
      <line num="1" count="1" type="stmt"/>
      <line num="18" count="1" type="stmt"/>
      <line num="19" count="21" type="stmt"/>
    </file>
    <file name="fileInclusionDetector.ts" path="D:\Konecta\Librerias\Nestjs\nest-shield-konecta-lib\src\detectors\fileInclusionDetector.ts">
      <metrics statements="3" coveredstatements="3" conditionals="0" coveredconditionals="0" methods="2" coveredmethods="2"/>
      <line num="1" count="1" type="stmt"/>
      <line num="37" count="1" type="stmt"/>
      <line num="38" count="36" type="stmt"/>
    </file>
    <file name="ldapInjectionDetector.ts" path="D:\Konecta\Librerias\Nestjs\nest-shield-konecta-lib\src\detectors\ldapInjectionDetector.ts">
      <metrics statements="3" coveredstatements="3" conditionals="0" coveredconditionals="0" methods="2" coveredmethods="2"/>
      <line num="1" count="1" type="stmt"/>
      <line num="24" count="1" type="stmt"/>
      <line num="25" count="12" type="stmt"/>
    </file>
    <file name="sqlInjectionDetector.ts" path="D:\Konecta\Librerias\Nestjs\nest-shield-konecta-lib\src\detectors\sqlInjectionDetector.ts">
      <metrics statements="13" coveredstatements="13" conditionals="1" coveredconditionals="1" methods="4" coveredmethods="4"/>
      <line num="1" count="1" type="stmt"/>
      <line num="42" count="1" type="stmt"/>
      <line num="85" count="1" type="stmt"/>
      <line num="86" count="3" type="stmt"/>
      <line num="87" count="3" type="stmt"/>
      <line num="88" count="3" type="stmt"/>
      <line num="89" count="12" type="stmt"/>
      <line num="92" count="3" type="cond" truecount="1" falsecount="0"/>
      <line num="93" count="2" type="stmt"/>
      <line num="96" count="29" type="stmt"/>
      <line num="114" count="1" type="stmt"/>
      <line num="116" count="2" type="stmt"/>
      <line num="117" count="2" type="stmt"/>
    </file>
    <file name="xpathInjectionDetector.ts" path="D:\Konecta\Librerias\Nestjs\nest-shield-konecta-lib\src\detectors\xpathInjectionDetector.ts">
      <metrics statements="3" coveredstatements="3" conditionals="0" coveredconditionals="0" methods="2" coveredmethods="2"/>
      <line num="1" count="1" type="stmt"/>
      <line num="33" count="1" type="stmt"/>
      <line num="34" count="33" type="stmt"/>
    </file>
  </project>
</coverage>
