{"D:\\Konecta\\Librerias\\Nestjs\\nest-shield-konecta-lib\\src\\detectors\\commandInjectionDetector.ts": {"path":"D:\\Konecta\\Librerias\\Nestjs\\nest-shield-konecta-lib\\src\\detectors\\commandInjectionDetector.ts","statementMap":{"0":{"start":{"line":24,"column":0},"end":{"line":24,"column":16}},"1":{"start":{"line":1,"column":35},"end":{"line":8,"column":2}},"2":{"start":{"line":25,"column":2},"end":{"line":25,"column":75}},"3":{"start":{"line":25,"column":54},"end":{"line":25,"column":73}}},"fnMap":{"0":{"name":"detectCommandInjection","decl":{"start":{"line":24,"column":16},"end":{"line":24,"column":38}},"loc":{"start":{"line":24,"column":52},"end":{"line":26,"column":1}}},"1":{"name":"(anonymous_1)","decl":{"start":{"line":25,"column":41},"end":{"line":25,"column":42}},"loc":{"start":{"line":25,"column":54},"end":{"line":25,"column":73}}}},"branchMap":{},"s":{"0":1,"1":1,"2":3,"3":8},"f":{"0":3,"1":8},"b":{}}
,"D:\\Konecta\\Librerias\\Nestjs\\nest-shield-konecta-lib\\src\\detectors\\detectXXEInjection.ts": {"path":"D:\\Konecta\\Librerias\\Nestjs\\nest-shield-konecta-lib\\src\\detectors\\detectXXEInjection.ts","statementMap":{"0":{"start":{"line":18,"column":0},"end":{"line":18,"column":16}},"1":{"start":{"line":1,"column":31},"end":{"line":10,"column":2}},"2":{"start":{"line":19,"column":2},"end":{"line":19,"column":71}},"3":{"start":{"line":19,"column":50},"end":{"line":19,"column":69}}},"fnMap":{"0":{"name":"detectXXEInjection","decl":{"start":{"line":18,"column":16},"end":{"line":18,"column":34}},"loc":{"start":{"line":18,"column":48},"end":{"line":20,"column":1}}},"1":{"name":"(anonymous_1)","decl":{"start":{"line":19,"column":37},"end":{"line":19,"column":38}},"loc":{"start":{"line":19,"column":50},"end":{"line":19,"column":69}}}},"branchMap":{},"s":{"0":1,"1":1,"2":5,"3":21},"f":{"0":5,"1":21},"b":{}}
,"D:\\Konecta\\Librerias\\Nestjs\\nest-shield-konecta-lib\\src\\detectors\\fileInclusionDetector.ts": {"path":"D:\\Konecta\\Librerias\\Nestjs\\nest-shield-konecta-lib\\src\\detectors\\fileInclusionDetector.ts","statementMap":{"0":{"start":{"line":37,"column":0},"end":{"line":37,"column":16}},"1":{"start":{"line":1,"column":32},"end":{"line":22,"column":2}},"2":{"start":{"line":38,"column":2},"end":{"line":38,"column":72}},"3":{"start":{"line":38,"column":51},"end":{"line":38,"column":70}}},"fnMap":{"0":{"name":"detectFileInclusion","decl":{"start":{"line":37,"column":16},"end":{"line":37,"column":35}},"loc":{"start":{"line":37,"column":49},"end":{"line":39,"column":1}}},"1":{"name":"(anonymous_1)","decl":{"start":{"line":38,"column":38},"end":{"line":38,"column":39}},"loc":{"start":{"line":38,"column":51},"end":{"line":38,"column":70}}}},"branchMap":{},"s":{"0":1,"1":1,"2":4,"3":36},"f":{"0":4,"1":36},"b":{}}
,"D:\\Konecta\\Librerias\\Nestjs\\nest-shield-konecta-lib\\src\\detectors\\ldapInjectionDetector.ts": {"path":"D:\\Konecta\\Librerias\\Nestjs\\nest-shield-konecta-lib\\src\\detectors\\ldapInjectionDetector.ts","statementMap":{"0":{"start":{"line":24,"column":0},"end":{"line":24,"column":16}},"1":{"start":{"line":1,"column":32},"end":{"line":8,"column":2}},"2":{"start":{"line":25,"column":2},"end":{"line":25,"column":72}},"3":{"start":{"line":25,"column":51},"end":{"line":25,"column":70}}},"fnMap":{"0":{"name":"detectLDAPInjection","decl":{"start":{"line":24,"column":16},"end":{"line":24,"column":35}},"loc":{"start":{"line":24,"column":49},"end":{"line":26,"column":1}}},"1":{"name":"(anonymous_1)","decl":{"start":{"line":25,"column":38},"end":{"line":25,"column":39}},"loc":{"start":{"line":25,"column":51},"end":{"line":25,"column":70}}}},"branchMap":{},"s":{"0":1,"1":1,"2":4,"3":12},"f":{"0":4,"1":12},"b":{}}
,"D:\\Konecta\\Librerias\\Nestjs\\nest-shield-konecta-lib\\src\\detectors\\sqlInjectionDetector.ts": {"path":"D:\\Konecta\\Librerias\\Nestjs\\nest-shield-konecta-lib\\src\\detectors\\sqlInjectionDetector.ts","statementMap":{"0":{"start":{"line":85,"column":0},"end":{"line":85,"column":16}},"1":{"start":{"line":114,"column":0},"end":{"line":114,"column":16}},"2":{"start":{"line":1,"column":23},"end":{"line":40,"column":2}},"3":{"start":{"line":42,"column":21},"end":{"line":72,"column":2}},"4":{"start":{"line":86,"column":21},"end":{"line":86,"column":47}},"5":{"start":{"line":87,"column":16},"end":{"line":87,"column":39}},"6":{"start":{"line":88,"column":28},"end":{"line":90,"column":10}},"7":{"start":{"line":89,"column":4},"end":{"line":89,"column":33}},"8":{"start":{"line":92,"column":2},"end":{"line":94,"column":3}},"9":{"start":{"line":93,"column":4},"end":{"line":93,"column":16}},"10":{"start":{"line":96,"column":2},"end":{"line":96,"column":66}},"11":{"start":{"line":96,"column":40},"end":{"line":96,"column":64}},"12":{"start":{"line":116,"column":4},"end":{"line":116,"column":91}},"13":{"start":{"line":117,"column":2},"end":{"line":117,"column":41}}},"fnMap":{"0":{"name":"isSQLSentence","decl":{"start":{"line":85,"column":16},"end":{"line":85,"column":29}},"loc":{"start":{"line":85,"column":43},"end":{"line":97,"column":1}}},"1":{"name":"(anonymous_1)","decl":{"start":{"line":88,"column":41},"end":{"line":88,"column":42}},"loc":{"start":{"line":89,"column":4},"end":{"line":89,"column":33}}},"2":{"name":"(anonymous_2)","decl":{"start":{"line":96,"column":27},"end":{"line":96,"column":28}},"loc":{"start":{"line":96,"column":40},"end":{"line":96,"column":64}}},"3":{"name":"detectSQLInjection","decl":{"start":{"line":114,"column":16},"end":{"line":114,"column":34}},"loc":{"start":{"line":114,"column":48},"end":{"line":118,"column":1}}}},"branchMap":{"0":{"loc":{"start":{"line":92,"column":2},"end":{"line":94,"column":3}},"type":"if","locations":[{"start":{"line":92,"column":2},"end":{"line":94,"column":3}}]}},"s":{"0":1,"1":1,"2":1,"3":1,"4":3,"5":3,"6":3,"7":12,"8":3,"9":2,"10":1,"11":29,"12":2,"13":2},"f":{"0":3,"1":12,"2":29,"3":2},"b":{"0":[2]}}
,"D:\\Konecta\\Librerias\\Nestjs\\nest-shield-konecta-lib\\src\\detectors\\xpathInjectionDetector.ts": {"path":"D:\\Konecta\\Librerias\\Nestjs\\nest-shield-konecta-lib\\src\\detectors\\xpathInjectionDetector.ts","statementMap":{"0":{"start":{"line":33,"column":0},"end":{"line":33,"column":16}},"1":{"start":{"line":1,"column":33},"end":{"line":25,"column":2}},"2":{"start":{"line":34,"column":2},"end":{"line":34,"column":73}},"3":{"start":{"line":34,"column":52},"end":{"line":34,"column":71}}},"fnMap":{"0":{"name":"detectXPathInjection","decl":{"start":{"line":33,"column":16},"end":{"line":33,"column":36}},"loc":{"start":{"line":33,"column":47},"end":{"line":35,"column":1}}},"1":{"name":"(anonymous_1)","decl":{"start":{"line":34,"column":39},"end":{"line":34,"column":40}},"loc":{"start":{"line":34,"column":52},"end":{"line":34,"column":71}}}},"branchMap":{},"s":{"0":1,"1":1,"2":4,"3":33},"f":{"0":4,"1":33},"b":{}}
}
