TN:
SF:src\detectors\commandInjectionDetector.ts
FN:24,detectCommandInjection
FN:25,(anonymous_1)
FNF:2
FNH:2
FNDA:3,detectCommandInjection
FNDA:8,(anonymous_1)
DA:1,1
DA:24,1
DA:25,8
LF:3
LH:3
BRF:0
BRH:0
end_of_record
TN:
SF:src\detectors\detectXXEInjection.ts
FN:18,detectXXEInjection
FN:19,(anonymous_1)
FNF:2
FNH:2
FNDA:5,detectXXEInjection
FNDA:21,(anonymous_1)
DA:1,1
DA:18,1
DA:19,21
LF:3
LH:3
BRF:0
BRH:0
end_of_record
TN:
SF:src\detectors\fileInclusionDetector.ts
FN:37,detectFileInclusion
FN:38,(anonymous_1)
FNF:2
FNH:2
FNDA:4,detectFileInclusion
FNDA:36,(anonymous_1)
DA:1,1
DA:37,1
DA:38,36
LF:3
LH:3
BRF:0
BRH:0
end_of_record
TN:
SF:src\detectors\ldapInjectionDetector.ts
FN:24,detectLDAPInjection
FN:25,(anonymous_1)
FNF:2
FNH:2
FNDA:4,detectLDAPInjection
FNDA:12,(anonymous_1)
DA:1,1
DA:24,1
DA:25,12
LF:3
LH:3
BRF:0
BRH:0
end_of_record
TN:
SF:src\detectors\sqlInjectionDetector.ts
FN:85,isSQLSentence
FN:88,(anonymous_1)
FN:96,(anonymous_2)
FN:114,detectSQLInjection
FNF:4
FNH:4
FNDA:3,isSQLSentence
FNDA:12,(anonymous_1)
FNDA:29,(anonymous_2)
FNDA:2,detectSQLInjection
DA:1,1
DA:42,1
DA:85,1
DA:86,3
DA:87,3
DA:88,3
DA:89,12
DA:92,3
DA:93,2
DA:96,29
DA:114,1
DA:116,2
DA:117,2
LF:13
LH:13
BRDA:92,0,0,2
BRF:1
BRH:1
end_of_record
TN:
SF:src\detectors\xpathInjectionDetector.ts
FN:33,detectXPathInjection
FN:34,(anonymous_1)
FNF:2
FNH:2
FNDA:4,detectXPathInjection
FNDA:33,(anonymous_1)
DA:1,1
DA:33,1
DA:34,33
LF:3
LH:3
BRF:0
BRH:0
end_of_record
